2017-11-28 15:56:48,405 - os.name - Linux
2017-11-28 15:56:48,405 - os.arch - amd64
2017-11-28 15:56:48,405 - os.version - 3.16.0-4-amd64
2017-11-28 15:56:48,405 - java.version - 1.8.0_111
2017-11-28 15:56:48,405 - java.vendor - Oracle Corporation
2017-11-28 15:56:48,405 - java.vendor.url - http://java.oracle.com/
2017-11-28 15:56:48,405 - java.home - /usr/lib/jvm/java-8-openjdk-amd64/jre
2017-11-28 15:56:48,405 - java.vm.specification.name - Java Virtual Machine Specification
2017-11-28 15:56:48,405 - java.vm.specification.vendor - Oracle Corporation
2017-11-28 15:56:48,405 - java.vm.specification.version - 1.8
2017-11-28 15:56:48,405 - java.class.path - /ark/linux64/eclipse64/eclipse-neon//plugins/org.eclipse.equinox.launcher_1.3.201.v20161025-1711.jar
2017-11-28 15:56:48,405 - java.library.path - /usr/java/packages/lib/amd64:/usr/lib/x86_64-linux-gnu/jni:/lib/x86_64-linux-gnu:/usr/lib/x86_64-linux-gnu:/usr/lib/jni:/lib:/usr/lib
2017-11-28 15:56:48,406 - --------------------------------------
2017-11-28 15:56:48,406 - ## Eclipse Plug-ins Log Information ##
2017-11-28 15:56:48,406 - --------------------------------------
2017-11-28 15:56:48,417 - javax.el - 2.2.0.v201303151357
2017-11-28 15:56:48,418 - javax.servlet - 3.1.0.v201410161800
2017-11-28 15:56:48,419 - javax.servlet.jsp - 2.2.0.v201112011158
2017-11-28 15:56:48,420 - com.sun.el - 2.2.0.v201303151357
2017-11-28 15:56:48,420 - org.apache.commons.logging - 1.1.1.v201101211721
2017-11-28 15:56:48,421 - org.apache.jasper.glassfish - 2.2.2.v201501141630
2017-11-28 15:56:48,423 - org.apache.lucene.analysis - 3.5.0.v20120725-1805
2017-11-28 15:56:48,426 - org.apache.lucene.core - 3.5.0.v20120725-1805
2017-11-28 15:56:48,427 - org.eclipse.equinox.http.jetty - 3.3.0.v20160324-1850
2017-11-28 15:56:48,428 - org.eclipse.equinox.http.registry - 1.1.400.v20150715-1528
2017-11-28 15:56:48,429 - org.eclipse.equinox.http.servlet - 1.3.1.v20160808-1329
2017-11-28 15:56:48,429 - org.eclipse.equinox.jsp.jasper - 1.0.500.v20150119-1358
2017-11-28 15:56:48,430 - org.eclipse.equinox.jsp.jasper.registry - 1.0.300.v20130327-1442
2017-11-28 15:56:48,430 - org.eclipse.help.base - 4.1.1.v20161124-1400
2017-11-28 15:56:48,431 - org.eclipse.help.ui - 4.0.200.v20160510-0758
2017-11-28 15:56:48,432 - org.eclipse.help.webapp - 3.8.0.v20160504-0839
2017-11-28 15:56:48,432 - org.eclipse.jetty.continuation - 9.3.9.v20160517
2017-11-28 15:56:48,433 - org.eclipse.jetty.http - 9.3.9.v20160517
2017-11-28 15:56:48,434 - org.eclipse.jetty.io - 9.3.9.v20160517
2017-11-28 15:56:48,435 - org.eclipse.jetty.security - 9.3.9.v20160517
2017-11-28 15:56:48,437 - org.eclipse.jetty.server - 9.3.9.v20160517
2017-11-28 15:56:48,438 - org.eclipse.jetty.servlet - 9.3.9.v20160517
2017-11-28 15:56:48,439 - org.eclipse.jetty.util - 9.3.9.v20160517
2017-11-28 15:56:48,440 - org.eclipse.core.net - 1.3.0.v20160418-1534
2017-11-28 15:56:48,440 - org.eclipse.equinox.security - 1.2.200.v20150715-1528
2017-11-28 15:56:48,444 - org.eclipse.mylyn.bugzilla.core - 3.21.0.v20160909-1813
2017-11-28 15:56:48,444 - org.eclipse.mylyn.bugzilla.ui - 3.21.0.v20160909-1813
2017-11-28 15:56:48,447 - org.eclipse.andmore.hierarchyviewer - 0.5.0.201605181018
2017-11-28 15:56:48,451 - org.eclipse.sequoyah.device.backward - 2.1.0.N20120718-0509
2017-11-28 15:56:48,451 - org.eclipse.sequoyah.device.framework - 2.1.0.N20120718-0509
2017-11-28 15:56:48,451 - org.eclipse.sequoyah.device.framework.ui - 2.1.0.N20120718-0509
2017-11-28 15:56:48,452 - org.eclipse.sequoyah.device.service.start - 2.1.0.N20120718-0509
2017-11-28 15:56:48,453 - org.eclipse.sequoyah.device.service.stop - 2.1.0.N20120718-0509
2017-11-28 15:56:48,453 - org.eclipse.sequoyah.device.framework.wizard - 2.1.0.N20120718-0509
2017-11-28 15:56:48,457 - org.eclipse.buildship.core - 1.0.21.v20161010-1640
2017-11-28 15:56:48,457 - org.eclipse.buildship.ui - 1.0.21.v20161010-1640
2017-11-28 15:56:48,457 - org.eclipse.buildship.branding - 1.0.21.v20161010-1640
2017-11-28 15:56:48,458 - org.eclipse.buildship.stsmigration - 1.0.21.v20161010-1640
2017-11-28 15:56:48,461 - org.eclipse.mylyn.tasks.core - 3.21.0.v20160914-0252
2017-11-28 15:56:48,462 - org.eclipse.mylyn.tasks.index.core - 3.21.0.v20160630-2019
2017-11-28 15:56:48,463 - org.eclipse.mylyn.tasks.index.ui - 3.21.0.v20160630-2019
2017-11-28 15:56:48,464 - org.eclipse.mylyn.tasks.search - 3.21.0.v20160630-2019
2017-11-28 15:56:48,464 - org.eclipse.mylyn.tasks.ui - 3.21.0.v20160913-2131
2017-11-28 15:56:48,468 - org.eclipse.egit.core - 4.4.1.201607150455-r
2017-11-28 15:56:48,469 - org.eclipse.egit.ui - 4.4.1.201607150455-r
2017-11-28 15:56:48,469 - org.eclipse.egit - 4.4.1.201607150455-r
2017-11-28 15:56:48,470 - org.eclipse.egit.doc - 4.4.1.201607150455-r
2017-11-28 15:56:48,472 - org.eclipse.aether.maven - 3.1.0.v20140706-2237
2017-11-28 15:56:48,475 - org.eclipse.gef - 3.11.0.201606061308
2017-11-28 15:56:48,479 - org.eclipse.mylyn.commons.identity.core - 1.13.0.v20160630-1702
2017-11-28 15:56:48,481 - org.eclipse.oomph.p2 - 1.6.0.v20161019-0656
2017-11-28 15:56:48,482 - org.eclipse.oomph.p2.core - 1.6.0.v20161111-1110
2017-11-28 15:56:48,482 - org.eclipse.oomph.p2.edit - 1.6.0.v20161019-0656
2017-11-28 15:56:48,483 - org.eclipse.oomph.p2.ui - 1.6.0.v20161128-0924
2017-11-28 15:56:48,484 - org.eclipse.oomph.p2.doc - 1.6.0.v20161019-0656
2017-11-28 15:56:48,487 - org.eclipse.datatools.enablement.sqlite - 1.1.0.201603142002
2017-11-28 15:56:48,488 - org.eclipse.datatools.enablement.sqlite.dbdefinition - 1.1.0.201603142002
2017-11-28 15:56:48,489 - org.eclipse.datatools.enablement.sqlite.ui - 1.1.0.201603142002
2017-11-28 15:56:48,489 - org.eclipse.datatools.enablement.finfo - 1.6.0.201603142002
2017-11-28 15:56:48,491 - org.eclipse.emf.codegen.ui - 2.6.0.v20160526-0356
2017-11-28 15:56:48,494 - org.eclipse.mylyn.commons.notifications.core - 1.13.0.v20160630-1702
2017-11-28 15:56:48,494 - org.eclipse.mylyn.commons.notifications.feed - 1.13.0.v20160721-2347
2017-11-28 15:56:48,495 - org.eclipse.mylyn.commons.notifications.ui - 1.13.0.v20160630-1702
2017-11-28 15:56:48,498 - org.eclipse.emf.converter - 2.7.0.v20160526-0356
2017-11-28 15:56:48,499 - org.eclipse.emf.importer - 2.9.0.v20160526-0356
2017-11-28 15:56:48,500 - org.eclipse.emf.exporter - 2.7.0.v20160526-0356
2017-11-28 15:56:48,501 - org.eclipse.emf.importer.ecore - 2.8.0.v20160526-0356
2017-11-28 15:56:48,502 - org.eclipse.emf.importer.java - 2.7.0.v20160526-0356
2017-11-28 15:56:48,503 - org.eclipse.emf.importer.rose - 2.8.0.v20160526-0356
2017-11-28 15:56:48,505 - org.eclipse.emf.edit.ui - 2.12.0.v20160526-0356
2017-11-28 15:56:48,508 - org.eclipse.help - 3.7.0.v20160602-1307
2017-11-28 15:56:48,509 - org.eclipse.ui - 3.108.1.v20160929-1045
2017-11-28 15:56:48,510 - org.eclipse.ui.workbench - 3.108.2.v20161025-2029
2017-11-28 15:56:48,510 - org.eclipse.update.configurator - 3.3.400.v20160506-0750
2017-11-28 15:56:48,510 - org.eclipse.rcp - 4.6.2.v20161124-1400
2017-11-28 15:56:48,513 - org.eclipse.recommenders.rcp - 2.4.5.v20161130-1427
2017-11-28 15:56:48,514 - org.eclipse.recommenders.apidocs - 2.4.5.v20161130-1427
2017-11-28 15:56:48,514 - org.eclipse.recommenders.apidocs.rcp - 2.4.5.v20161130-1427
2017-11-28 15:56:48,515 - org.eclipse.recommenders.calls - 2.4.5.v20161130-1427
2017-11-28 15:56:48,516 - org.eclipse.recommenders.calls.rcp - 2.4.5.v20161130-1427
2017-11-28 15:56:48,517 - org.eclipse.recommenders.chain.rcp - 2.4.5.v20161130-1427
2017-11-28 15:56:48,518 - org.eclipse.recommenders.completion.rcp - 2.4.5.v20161130-1427
2017-11-28 15:56:48,518 - org.eclipse.recommenders.constructors - 2.4.5.v20161130-1427
2017-11-28 15:56:48,519 - org.eclipse.recommenders.constructors.rcp - 2.4.5.v20161130-1427
2017-11-28 15:56:48,520 - org.eclipse.recommenders.coordinates - 2.4.5.v20161130-1427
2017-11-28 15:56:48,520 - org.eclipse.recommenders.coordinates.rcp - 2.4.5.v20161130-1427
2017-11-28 15:56:48,521 - org.eclipse.recommenders.injection - 2.4.5.v20161130-1427
2017-11-28 15:56:48,522 - org.eclipse.recommenders.jayes - 2.4.5.v20161130-1427
2017-11-28 15:56:48,522 - org.eclipse.recommenders.jayes.io - 2.4.5.v20161130-1427
2017-11-28 15:56:48,523 - org.eclipse.recommenders.jdt - 2.4.5.v20161130-1427
2017-11-28 15:56:48,524 - org.eclipse.recommenders.models - 2.4.5.v20161130-1427
2017-11-28 15:56:48,524 - org.eclipse.recommenders.models.rcp - 2.4.5.v20161130-1427
2017-11-28 15:56:48,525 - org.eclipse.recommenders.net - 2.4.5.v20161130-1427
2017-11-28 15:56:48,526 - org.eclipse.recommenders.overrides - 2.4.5.v20161130-1427
2017-11-28 15:56:48,527 - org.eclipse.recommenders.overrides.rcp - 2.4.5.v20161130-1427
2017-11-28 15:56:48,527 - org.eclipse.recommenders.subwords.rcp - 2.4.5.v20161130-1427
2017-11-28 15:56:48,528 - org.eclipse.recommenders.types.rcp - 2.4.5.v20161130-1427
2017-11-28 15:56:48,529 - org.eclipse.recommenders.utils - 2.4.5.v20161130-1427
2017-11-28 15:56:48,530 - org.eclipse.recommenders.utils.rcp - 2.4.5.v20161130-1427
2017-11-28 15:56:48,533 - org.eclipse.mylyn.commons.repositories.http.core - 1.13.0.v20160630-1702
2017-11-28 15:56:48,536 - org.eclipse.datatools.connectivity.oda.design.ui - 3.3.0.201603142002
2017-11-28 15:56:48,537 - org.eclipse.datatools.connectivity.ui.dse - 1.2.0.201603142002
2017-11-28 15:56:48,538 - org.eclipse.datatools.connectivity.ui - 1.3.0.201603142002
2017-11-28 15:56:48,538 - org.eclipse.datatools.connectivity.sqm.core - 1.3.0.201603142002
2017-11-28 15:56:48,539 - org.eclipse.datatools.help - 1.6.0.201603142002
2017-11-28 15:56:48,542 - org.eclipse.jdt - 3.12.2.v20161124-1400
2017-11-28 15:56:48,543 - org.eclipse.ant.ui - 3.6.201.v20161115-1135
2017-11-28 15:56:48,544 - org.eclipse.jdt.apt.core - 3.4.100.v20160525-0952
2017-11-28 15:56:48,545 - org.eclipse.jdt.apt.ui - 3.4.100.v20160418-1457
2017-11-28 15:56:48,545 - org.eclipse.jdt.apt.pluggable.core - 1.1.100.v20160418-1457
2017-11-28 15:56:48,546 - org.eclipse.jdt.compiler.apt - 1.2.100.v20160418-1457
2017-11-28 15:56:48,546 - org.eclipse.jdt.compiler.tool - 1.1.100.v20160418-1457
2017-11-28 15:56:48,547 - org.eclipse.jdt.core - 3.12.2.v20161117-1814
2017-11-28 15:56:48,548 - org.eclipse.jdt.annotation - 2.1.0.v20160418-1457
2017-11-28 15:56:48,548 - org.eclipse.jdt.annotation - 2.1.0.v20160418-1457
2017-11-28 15:56:48,548 - org.eclipse.jdt.core.manipulation - 1.7.0.v20160419-0705
2017-11-28 15:56:48,549 - org.eclipse.jdt.debug.ui - 3.7.201.v20160811-0450
2017-11-28 15:56:48,555 - org.eclipse.jdt.debug - 3.10.1.v20160811-0441
2017-11-28 15:56:48,555 - org.eclipse.jdt.junit - 3.9.0.v20160421-1701
2017-11-28 15:56:48,556 - org.eclipse.jdt.junit.core - 3.8.0.v20160421-1701
2017-11-28 15:56:48,557 - org.eclipse.jdt.junit.runtime - 3.4.600.v20160505-0715
2017-11-28 15:56:48,558 - org.eclipse.jdt.junit4.runtime - 1.1.600.v20160505-0715
2017-11-28 15:56:48,558 - org.eclipse.jdt.launching - 3.8.101.v20161111-2014
2017-11-28 15:56:48,560 - org.eclipse.jdt.ui - 3.12.2.v20160929-0804
2017-11-28 15:56:48,562 - org.junit - 4.12.0.v201504281640
2017-11-28 15:56:48,563 - org.hamcrest.core - 1.3.0.v201303031735
2017-11-28 15:56:48,564 - org.eclipse.jdt.doc.user - 3.12.1.v20160727-2009
2017-11-28 15:56:48,565 - org.eclipse.ant.launching - 1.1.201.v20161115-1135
2017-11-28 15:56:48,567 - org.eclipse.emf.common - 2.12.0.v20160420-0247
2017-11-28 15:56:48,570 - org.eclipse.sequoyah.vnc.vncviewer.vncviews - 2.1.0.N20120718-0509
2017-11-28 15:56:48,574 - org.eclipse.egit.mylyn.ui - 4.4.1.201607150455-r
2017-11-28 15:56:48,576 - org.eclipse.datatools.sqltools.common.ui - 1.1.0.201603142002
2017-11-28 15:56:48,577 - org.eclipse.datatools.sqltools.debugger.core - 1.1.0.201603142002
2017-11-28 15:56:48,578 - org.eclipse.datatools.sqltools.editor.core - 1.1.0.201603142002
2017-11-28 15:56:48,579 - org.eclipse.datatools.sqltools.plan - 1.1.0.201603142002
2017-11-28 15:56:48,579 - org.eclipse.datatools.sqltools.routineeditor - 1.1.0.201603142002
2017-11-28 15:56:48,580 - org.eclipse.datatools.sqltools.sql - 1.1.0.201603142002
2017-11-28 15:56:48,581 - org.eclipse.datatools.sqltools.sqleditor - 1.1.0.201603142002
2017-11-28 15:56:48,582 - org.eclipse.datatools.sqltools.sqlscrapbook - 1.1.0.201603142002
2017-11-28 15:56:48,582 - org.eclipse.datatools.help - 1.6.0.201603142002
2017-11-28 15:56:48,583 - org.eclipse.datatools.sqltools.db.generic - 1.1.0.201603142002
2017-11-28 15:56:48,584 - org.eclipse.datatools.sqltools.debugger.core.ui - 1.1.0.201603142002
2017-11-28 15:56:48,584 - org.eclipse.datatools.sqltools.editor.core.ui - 1.1.0.201603142002
2017-11-28 15:56:48,585 - org.eclipse.datatools.sqltools.result.ui - 1.2.0.201603142002
2017-11-28 15:56:48,586 - org.eclipse.datatools.sqltools.routineeditor.ui - 1.1.0.201603142002
2017-11-28 15:56:48,586 - org.eclipse.datatools.sqltools.sql.ui - 1.1.0.201603142002
2017-11-28 15:56:48,590 - org.objectweb.asm - 5.0.1.v201404251740
2017-11-28 15:56:48,590 - org.eclipse.andmore - 0.5.0.201605181018
2017-11-28 15:56:48,590 - org.eclipse.andmore.base - 0.5.0.201605181018
2017-11-28 15:56:48,591 - org.eclipse.andmore.ddms - 0.5.0.201605181018
2017-11-28 15:56:48,591 - org.eclipse.andmore.overlay - 0.5.0.201605181018
2017-11-28 15:56:48,593 - org.apache.commons.codec - 1.6.0.v201305230611
2017-11-28 15:56:48,594 - org.apache.commons.compress - 1.6.0.v201310281400
2017-11-28 15:56:48,595 - org.apache.httpcomponents.httpclient - 4.3.6.v201511171540
2017-11-28 15:56:48,596 - org.apache.httpcomponents.httpcore - 4.3.3.v201411290715
2017-11-28 15:56:48,600 - org.eclipse.datatools.modelbase.dbdefinition - 1.1.0.201603142002
2017-11-28 15:56:48,601 - org.eclipse.datatools.modelbase.sql.edit - 1.1.0.201603142002
2017-11-28 15:56:48,602 - org.eclipse.datatools.modelbase.sql.query - 1.2.0.201603142002
2017-11-28 15:56:48,603 - org.eclipse.datatools.modelbase.sql.query.edit - 1.1.0.201603142002
2017-11-28 15:56:48,604 - org.eclipse.datatools.modelbase.sql.xml.query - 1.1.0.201603142002
2017-11-28 15:56:48,604 - org.eclipse.datatools.modelbase.sql - 1.1.0.201603142002
2017-11-28 15:56:48,607 - org.eclipse.emf.mapping - 2.9.0.v20160526-0356
2017-11-28 15:56:48,610 - org.eclipse.oomph.setup.editor - 1.6.0.v20161125-1207
2017-11-28 15:56:48,611 - org.eclipse.oomph.setup.ui - 1.6.0.v20161128-0851
2017-11-28 15:56:48,611 - org.eclipse.oomph.setup.doc - 1.6.0.v20161019-0656
2017-11-28 15:56:48,612 - org.eclipse.oomph.setup.ui.questionnaire - 1.6.0.v20161019-0656
2017-11-28 15:56:48,613 - org.eclipse.oomph.jreinfo.ui - 1.6.0.v20161019-0656
2017-11-28 15:56:48,615 - org.eclipse.emf.ecore - 2.12.0.v20160420-0247
2017-11-28 15:56:48,616 - org.eclipse.emf.ecore.change - 2.11.0.v20160420-0247
2017-11-28 15:56:48,617 - org.eclipse.emf.ecore.xmi - 2.12.0.v20160420-0247
2017-11-28 15:56:48,620 - org.eclipse.jgit - 4.4.1.201607150455-r
2017-11-28 15:56:48,621 - org.eclipse.jgit.archive - 4.4.1.201607150455-r
2017-11-28 15:56:48,621 - com.jcraft.jsch - 0.1.53.v201508180515
2017-11-28 15:56:48,622 - javaewah - 0.7.9.v201605172130
2017-11-28 15:56:48,622 - org.apache.commons.compress - 1.6.0.v201310281400
2017-11-28 15:56:48,622 - org.slf4j.api - 1.7.2.v20121108-1250
2017-11-28 15:56:48,623 - org.slf4j.impl.log4j12 - 1.7.2.v20131105-2200
2017-11-28 15:56:48,624 - org.apache.log4j - 1.2.15.v201012070815
2017-11-28 15:56:48,654 - org.eclipse.mylyn.wikitext.core - 2.10.1.v20161129-1925
2017-11-28 15:56:48,665 - org.eclipse.mylyn.wikitext.core.ant - 2.10.1.v20161129-1925
2017-11-28 15:56:48,666 - org.eclipse.mylyn.wikitext.core.osgi - 2.10.1.v20161129-1925
2017-11-28 15:56:48,666 - org.eclipse.mylyn.wikitext.textile.core - 2.10.1.v20161129-1925
2017-11-28 15:56:48,667 - org.eclipse.mylyn.wikitext.html.core - 2.10.1.v20161129-1925
2017-11-28 15:56:48,669 - org.eclipse.mylyn.wikitext.markdown.core - 2.10.1.v20161129-1925
2017-11-28 15:56:48,669 - org.eclipse.mylyn.wikitext.mediawiki.core - 2.10.1.v20161129-1925
2017-11-28 15:56:48,670 - org.eclipse.mylyn.wikitext.mediawiki.core.ant - 2.10.1.v20161129-1925
2017-11-28 15:56:48,671 - org.eclipse.mylyn.wikitext.confluence.core - 2.10.1.v20161129-1925
2017-11-28 15:56:48,672 - org.eclipse.mylyn.wikitext.tracwiki.core - 2.10.1.v20161129-1925
2017-11-28 15:56:48,673 - org.eclipse.mylyn.wikitext.twiki.core - 2.10.1.v20161129-1925
2017-11-28 15:56:48,673 - org.eclipse.mylyn.wikitext.ui - 2.10.1.v20161129-1925
2017-11-28 15:56:48,676 - org.eclipse.mylyn.wikitext.help.ui - 2.10.1.v20161129-1925
2017-11-28 15:56:48,676 - org.eclipse.mylyn.wikitext.textile.ui - 2.10.1.v20161129-1925
2017-11-28 15:56:48,677 - org.eclipse.mylyn.wikitext.markdown.ui - 2.10.1.v20161129-1925
2017-11-28 15:56:48,678 - org.eclipse.mylyn.wikitext.mediawiki.ui - 2.10.1.v20161129-1925
2017-11-28 15:56:48,679 - org.eclipse.mylyn.wikitext.confluence.ui - 2.10.1.v20161129-1925
2017-11-28 15:56:48,679 - org.eclipse.mylyn.wikitext.tracwiki.ui - 2.10.1.v20161129-1925
2017-11-28 15:56:48,680 - org.eclipse.mylyn.wikitext.twiki.ui - 2.10.1.v20161129-1925
2017-11-28 15:56:48,681 - org.eclipse.mylyn.wikitext.tasks.ui - 2.10.1.v20161129-1925
2017-11-28 15:56:48,682 - org.eclipse.mylyn.wikitext.context.ui - 2.10.1.v20161129-1925
2017-11-28 15:56:48,682 - org.eclipse.mylyn.wikitext.asciidoc.core - 2.10.1.v20161129-1925
2017-11-28 15:56:48,683 - org.eclipse.mylyn.wikitext.asciidoc.ui - 2.10.1.v20161129-1925
2017-11-28 15:56:48,686 - org.eclipse.emf.mapping.ecore.editor - 2.6.0.v20160526-0356
2017-11-28 15:56:48,687 - org.eclipse.emf.mapping.ecore2ecore.editor - 2.7.0.v20160526-0356
2017-11-28 15:56:48,687 - org.eclipse.emf.mapping.ecore2xml.ui - 2.8.0.v20160526-0356
2017-11-28 15:56:48,694 - org.eclipse.recommenders.mylyn.rcp - 2.4.5.v20161130-1427
2017-11-28 15:56:48,714 - org.apache.ant - 1.9.6.v201510161327
2017-11-28 15:56:48,715 - org.eclipse.ant.core - 3.4.100.v20160505-0642
2017-11-28 15:56:48,715 - com.jcraft.jsch - 0.1.53.v201508180515
2017-11-28 15:56:48,715 - org.eclipse.compare.core - 3.6.0.v20160418-1534
2017-11-28 15:56:48,716 - org.eclipse.compare - 3.7.0.v20161024-1724
2017-11-28 15:56:48,716 - org.eclipse.core.filebuffers - 3.6.0.v20160503-1849
2017-11-28 15:56:48,717 - org.eclipse.core.filesystem - 1.6.1.v20161113-2349
2017-11-28 15:56:48,717 - org.eclipse.core.net - 1.3.0.v20160418-1534
2017-11-28 15:56:48,717 - org.eclipse.core.net.linux.x86_64 - 1.2.0.v20160323-1650
2017-11-28 15:56:48,717 - org.eclipse.core.resources - 3.11.1.v20161107-2032
2017-11-28 15:56:48,718 - org.eclipse.osgi.util - 3.3.100.v20150423-1351
2017-11-28 15:56:48,719 - org.eclipse.debug.core - 3.10.100.v20160419-1720
2017-11-28 15:56:48,720 - org.eclipse.debug.ui - 3.11.202.v20161114-0338
2017-11-28 15:56:48,720 - org.eclipse.equinox.event - 1.3.200.v20160324-1850
2017-11-28 15:56:48,721 - org.eclipse.ltk.core.refactoring - 3.7.0.v20160419-0705
2017-11-28 15:56:48,721 - org.eclipse.ltk.ui.refactoring - 3.8.0.v20160518-1817
2017-11-28 15:56:48,721 - org.eclipse.platform - 4.6.2.v20161124-1400
2017-11-28 15:56:48,731 - org.eclipse.platform.doc.user - 4.6.1.v20160727-2009
2017-11-28 15:56:48,731 - org.eclipse.search - 3.11.1.v20161113-1700
2017-11-28 15:56:48,732 - org.eclipse.team.core - 3.8.0.v20160418-1534
2017-11-28 15:56:48,732 - org.eclipse.team.ui - 3.8.0.v20160518-1906
2017-11-28 15:56:48,733 - org.eclipse.text - 3.6.0.v20160503-1849
2017-11-28 15:56:48,733 - org.eclipse.jface.text - 3.11.2.v20161113-1700
2017-11-28 15:56:48,734 - org.eclipse.jsch.core - 1.3.0.v20160422-1917
2017-11-28 15:56:48,734 - org.eclipse.jsch.ui - 1.3.0.v20160323-1650
2017-11-28 15:56:48,735 - org.eclipse.ui.console - 3.6.201.v20161107-0337
2017-11-28 15:56:48,735 - org.eclipse.ui.intro - 3.5.2.v20161116-1147
2017-11-28 15:56:48,736 - org.eclipse.ui.intro.universal - 3.3.1.v20160829-1558
2017-11-28 15:56:48,736 - org.eclipse.ui.cheatsheets - 3.5.0.v20160504-0839
2017-11-28 15:56:48,737 - org.eclipse.ui.browser - 3.5.2.v20161114-0210
2017-11-28 15:56:48,737 - org.eclipse.ui.monitoring - 1.1.1.v20161028-1850
2017-11-28 15:56:48,738 - org.eclipse.ui.navigator - 3.6.101.v20161006-1120
2017-11-28 15:56:48,738 - org.eclipse.ui.navigator.resources - 3.5.101.v20161006-0640
2017-11-28 15:56:48,739 - org.eclipse.ui.net - 1.3.0.v20160426-1633
2017-11-28 15:56:48,739 - org.eclipse.ui.workbench.texteditor - 3.10.1.v20160818-1626
2017-11-28 15:56:48,740 - org.eclipse.ui.views - 3.8.101.v20160816-1954
2017-11-28 15:56:48,740 - org.eclipse.ui.editors - 3.10.1.v20161106-1856
2017-11-28 15:56:48,741 - org.eclipse.ui.externaltools - 3.3.100.v20160518-1858
2017-11-28 15:56:48,742 - org.eclipse.ui.ide - 3.12.2.v20161115-1450
2017-11-28 15:56:48,742 - org.eclipse.ui.ide.application - 1.1.101.v20160829-0827
2017-11-28 15:56:48,742 - org.eclipse.core.filesystem.linux.x86_64 - 1.2.200.v20140124-1940
2017-11-28 15:56:48,743 - org.eclipse.core.variables - 3.3.0.v20160419-1720
2017-11-28 15:56:48,743 - org.eclipse.ui.forms - 3.7.0.v20160518-1929
2017-11-28 15:56:48,744 - org.eclipse.ui.views.properties.tabbed - 3.7.0.v20160310-0903
2017-11-28 15:56:48,744 - org.eclipse.equinox.security - 1.2.200.v20150715-1528
2017-11-28 15:56:48,745 - org.eclipse.equinox.security.ui - 1.1.300.v20150803-1225
2017-11-28 15:56:48,746 - org.eclipse.core.externaltools - 1.0.400.v20160509-1057
2017-11-28 15:56:48,746 - org.eclipse.ui.themes - 1.1.300.v20161107-1827
2017-11-28 15:56:48,746 - org.eclipse.core.runtime - 3.12.0.v20160606-1342
2017-11-28 15:56:48,747 - org.eclipse.ui.intro.quicklinks - 1.0.0.v20160515-0255
2017-11-28 15:56:48,750 - org.eclipse.mylyn.discovery.core - 3.21.0.v20160729-1739
2017-11-28 15:56:48,751 - org.eclipse.mylyn.discovery.ui - 3.21.0.v20160630-1702
2017-11-28 15:56:48,753 - org.eclipse.emf.ecore.edit - 2.9.0.v20160526-0356
2017-11-28 15:56:48,754 - org.eclipse.emf.ecore.change.edit - 2.6.0.v20160526-0356
2017-11-28 15:56:48,756 - org.eclipse.sequoyah.vnc.protocol - 2.1.0.N20120718-0509
2017-11-28 15:56:48,758 - org.eclipse.mylyn.versions.core - 1.13.0.v20160630-2022
2017-11-28 15:56:48,759 - org.eclipse.mylyn.versions.ui - 1.13.0.v20160630-2022
2017-11-28 15:56:48,762 - org.eclipse.emf.mapping.ecore - 2.6.0.v20160526-0356
2017-11-28 15:56:48,763 - org.eclipse.emf.mapping.ecore2ecore - 2.9.0.v20160526-0356
2017-11-28 15:56:48,763 - org.eclipse.emf.mapping.ecore2xml - 2.9.0.v20160526-0356
2017-11-28 15:56:48,766 - org.eclipse.andmore.traceview - 0.5.0.201605181018
2017-11-28 15:56:48,768 - org.eclipse.sequoyah.localization.android - 2.1.0.N20120718-0509
2017-11-28 15:56:48,769 - org.eclipse.sequoyah.localization.android.help - 2.1.1.N20120718-0509
2017-11-28 15:56:48,771 - org.eclipse.m2e.logback.configuration - 1.7.0.20160603-1933
2017-11-28 15:56:48,772 - org.eclipse.m2e.logback.appender - 1.7.0.20160603-1933
2017-11-28 15:56:48,774 - org.eclipse.emf.codegen - 2.11.0.v20160526-0356
2017-11-28 15:56:48,777 - org.eclipse.wst.dtd.ui - 1.0.801.v201308100602
2017-11-28 15:56:48,778 - org.eclipse.wst.dtd.ui.infopop - 1.0.400.v201309112106
2017-11-28 15:56:48,778 - org.eclipse.wst.sse.ui.infopop - 1.0.300.v201309112106
2017-11-28 15:56:48,779 - org.eclipse.wst.xml.ui.infopop - 1.0.400.v201309112106
2017-11-28 15:56:48,780 - org.eclipse.wst.sse.ui - 1.3.500.v201605120129
2017-11-28 15:56:48,780 - org.eclipse.wst.xml.ui - 1.1.700.v201604272318
2017-11-28 15:56:48,781 - org.eclipse.wst.xsd.ui - 1.2.600.v201511240159
2017-11-28 15:56:48,784 - org.eclipse.emf - 2.6.0.v20160526-0356
2017-11-28 15:56:48,786 - org.eclipse.datatools.doc.user - 1.7.0.20090521092446
2017-11-28 15:56:48,787 - org.eclipse.datatools.oda.cshelp - 1.2.0.201603142002
2017-11-28 15:56:48,787 - org.eclipse.datatools.help - 1.6.0.201603142002
2017-11-28 15:56:48,790 - org.eclipse.mylyn.tasks.bugs - 3.21.0.v20160929-1805
2017-11-28 15:56:48,791 - org.eclipse.mylyn.help.ui - 3.21.0.v20160913-2013
2017-11-28 15:56:48,793 - org.eclipse.draw2d - 3.10.100.201606061308
2017-11-28 15:56:48,795 - org.eclipse.emf.edit - 2.12.0.v20160526-0356
2017-11-28 15:56:48,798 - org.eclipse.mylyn.commons.core - 3.21.0.v20160707-1856
2017-11-28 15:56:48,798 - org.eclipse.mylyn.commons.screenshots - 3.21.0.v20160630-1702
2017-11-28 15:56:48,799 - org.eclipse.mylyn.commons.ui - 3.21.0.v20160630-1702
2017-11-28 15:56:48,800 - org.eclipse.mylyn.commons.workbench - 3.21.0.v20160630-1702
2017-11-28 15:56:48,803 - org.eclipse.mylyn.bugzilla.ide - 3.21.0.v20160912-1820
2017-11-28 15:56:48,803 - org.eclipse.mylyn.ide.ui - 3.21.0.v20160701-1337
2017-11-28 15:56:48,805 - org.eclipse.emf.databinding.edit - 1.3.0.v20160526-0356
2017-11-28 15:56:48,807 - org.eclipse.emf.codegen.ecore - 2.12.0.v20160526-0356
2017-11-28 15:56:48,808 - org.eclipse.emf.ant - 2.8.0.v20160526-0356
2017-11-28 15:56:48,820 - org.eclipse.m2e.archetype.common - 1.7.0.20160603-1931
2017-11-28 15:56:48,824 - org.eclipse.m2e.maven.indexer - 1.7.0.20160603-1931
2017-11-28 15:56:48,825 - org.eclipse.m2e.model.edit - 1.7.0.20160603-1933
2017-11-28 15:56:48,825 - org.eclipse.m2e.core - 1.7.0.20160603-1933
2017-11-28 15:56:48,826 - org.eclipse.m2e.launching - 1.7.0.20160603-1933
2017-11-28 15:56:48,827 - org.eclipse.m2e.workspace.cli - 0.3.1
2017-11-28 15:56:48,828 - org.eclipse.m2e.jdt - 1.7.0.20160603-1933
2017-11-28 15:56:48,829 - org.eclipse.m2e.editor - 1.7.0.20160603-1933
2017-11-28 15:56:48,829 - org.eclipse.m2e.editor.xml - 1.7.0.20160603-1933
2017-11-28 15:56:48,854 - org.eclipse.m2e.maven.runtime - 1.7.0.20160603-1931
2017-11-28 15:56:48,857 - org.eclipse.m2e.maven.runtime.slf4j.simple - 1.7.0.20160603-1931
2017-11-28 15:56:48,857 - org.eclipse.m2e.refactoring - 1.7.0.20160603-1933
2017-11-28 15:56:48,858 - org.eclipse.m2e.lifecyclemapping.defaults - 1.7.0.20160603-1933
2017-11-28 15:56:48,858 - org.eclipse.m2e.discovery - 1.7.0.20160603-1933
2017-11-28 15:56:48,859 - org.eclipse.m2e.core.ui - 1.7.0.20160603-1933
2017-11-28 15:56:48,860 - org.eclipse.m2e.scm - 1.7.0.20160603-1933
2017-11-28 15:56:48,860 - org.eclipse.m2e.jdt.ui - 1.7.0.20160603-1933
2017-11-28 15:56:48,861 - org.eclipse.m2e.profiles.core - 1.7.0.20160603-1933
2017-11-28 15:56:48,861 - org.eclipse.m2e.profiles.ui - 1.7.0.20160603-1933
2017-11-28 15:56:48,862 - org.eclipse.m2e.importer - 1.7.0.20160603-1933
2017-11-28 15:56:48,864 - org.eclipse.andmore.ndk - 0.5.0.201605181018
2017-11-28 15:56:48,867 - org.eclipse.andmore.gldebugger - 0.5.0.201605181018
2017-11-28 15:56:48,870 - org.eclipse.mylyn.hudson.core - 1.13.0.v20160806-1446
2017-11-28 15:56:48,871 - org.eclipse.mylyn.hudson.ui - 1.13.0.v20160704-1634
2017-11-28 15:56:48,874 - org.eclipse.epp.mpc.core - 1.5.3.v20161116-1851
2017-11-28 15:56:48,874 - org.eclipse.epp.mpc.ui - 1.5.3.v20161116-1851
2017-11-28 15:56:48,875 - org.eclipse.epp.mpc.help.ui - 1.5.3.v20161116-1851
2017-11-28 15:56:48,875 - org.apache.httpcomponents.httpclient - 4.3.6.v201511171540
2017-11-28 15:56:48,875 - org.apache.httpcomponents.httpcore - 4.3.3.v201411290715
2017-11-28 15:56:48,878 - org.eclipse.mylyn.git.core - 1.13.0.v20160630-2022
2017-11-28 15:56:48,878 - org.eclipse.mylyn.git.ui - 1.13.0.v20160630-2022
2017-11-28 15:56:48,881 - org.eclipse.datatools.connectivity.oda.consumer - 3.3.0.201603142002
2017-11-28 15:56:48,882 - org.eclipse.datatools.connectivity.oda.design - 3.4.0.201603142002
2017-11-28 15:56:48,883 - org.eclipse.datatools.connectivity.oda.profile - 3.3.0.201603142002
2017-11-28 15:56:48,883 - org.eclipse.datatools.connectivity.oda - 3.5.0.201603142002
2017-11-28 15:56:48,883 - org.eclipse.datatools.connectivity - 1.13.0.201603142002
2017-11-28 15:56:48,885 - org.eclipse.andmore.android.certmanager - 0.5.0.201605181018
2017-11-28 15:56:48,888 - org.eclipse.recommenders.snipmatch - 2.4.5.v20161130-1427
2017-11-28 15:56:48,888 - org.eclipse.recommenders.snipmatch.rcp - 2.4.5.v20161130-1427
2017-11-28 15:56:48,890 - org.eclipse.cdt.gdb - 7.0.0.201606062011
2017-11-28 15:56:48,891 - org.eclipse.cdt.gdb.ui - 7.0.0.201606062011
2017-11-28 15:56:48,893 - org.eclipse.pde - 3.12.2.v20161124-1400
2017-11-28 15:56:48,895 - org.eclipse.pde.build - 3.9.200.v20160204-0642
2017-11-28 15:56:48,896 - org.eclipse.pde.core - 3.11.1.v20161115-1951
2017-11-28 15:56:48,896 - org.eclipse.pde.junit.runtime - 3.5.0.v20151013-0625
2017-11-28 15:56:48,897 - org.eclipse.pde.runtime - 3.5.0.v20160418-1724
2017-11-28 15:56:48,898 - org.eclipse.pde.ui - 3.9.100.v20161102-0517
2017-11-28 15:56:48,899 - org.eclipse.pde.doc.user - 3.12.2.v20161123-1159
2017-11-28 15:56:48,900 - org.eclipse.pde.ui.templates - 3.6.0.v20160424-1948
2017-11-28 15:56:48,900 - org.eclipse.ui.views.log - 1.2.1.v20160829-0826
2017-11-28 15:56:48,900 - org.objectweb.asm - 5.0.1.v201404251740
2017-11-28 15:56:48,901 - org.objectweb.asm.tree - 5.0.1.v201404251740
2017-11-28 15:56:48,902 - org.eclipse.pde.api.tools - 1.1.2.v20161115-0549
2017-11-28 15:56:48,902 - org.eclipse.pde.api.tools.annotations - 1.0.100.v20160418-1724
2017-11-28 15:56:48,903 - org.eclipse.pde.api.tools.ui - 1.1.0.v20160519-0701
2017-11-28 15:56:48,904 - org.eclipse.pde.ds.core - 1.1.0.v20151201-1325
2017-11-28 15:56:48,904 - org.eclipse.pde.ds.ui - 1.1.0.v20160518-1843
2017-11-28 15:56:48,905 - org.eclipse.pde.launching - 3.6.401.v20161115-0549
2017-11-28 15:56:48,905 - org.eclipse.pde.ua.core - 1.0.500.v20160204-0642
2017-11-28 15:56:48,906 - org.eclipse.pde.ua.ui - 1.1.0.v20160518-1843
2017-11-28 15:56:48,907 - org.eclipse.ui.trace - 1.0.400.v20160509-1055
2017-11-28 15:56:48,907 - org.eclipse.pde.ds.annotations - 1.0.0.v20160525-1437
2017-11-28 15:56:48,910 - org.eclipse.sequoyah.localization.tools - 2.1.0.N20120718-0509
2017-11-28 15:56:48,911 - org.eclipse.sequoyah.localization.editor - 2.1.0.N20120718-0509
2017-11-28 15:56:48,914 - net.sourceforge.lpg.lpgjavaruntime - 1.1.0.v201004271650
2017-11-28 15:56:48,915 - org.eclipse.datatools.sqltools.parsers.sql.lexer - 1.1.0.201603142002
2017-11-28 15:56:48,916 - org.eclipse.datatools.sqltools.parsers.sql.query - 1.3.0.201603142002
2017-11-28 15:56:48,916 - org.eclipse.datatools.sqltools.parsers.sql.xml.query - 1.1.0.201603142002
2017-11-28 15:56:48,916 - org.eclipse.datatools.sqltools.parsers.sql - 1.1.0.201603142002
2017-11-28 15:56:48,920 - org.eclipse.mylyn.java.ui - 3.21.0.v20160701-1337
2017-11-28 15:56:48,920 - org.eclipse.mylyn.java.tasks - 3.21.0.v20160701-1337
2017-11-28 15:56:48,920 - org.eclipse.mylyn.ide.ui - 3.21.0.v20160701-1337
2017-11-28 15:56:48,921 - org.eclipse.mylyn.ide.ant - 3.21.0.v20160701-1337
2017-11-28 15:56:48,922 - org.eclipse.mylyn.debug.ui - 3.21.0.v20160701-1337
2017-11-28 15:56:48,925 - org.eclipse.mylyn.team.ui - 3.21.0.v20160701-1337
2017-11-28 15:56:48,927 - org.eclipse.datatools.sqltools.sql - 1.1.0.201603142002
2017-11-28 15:56:48,927 - org.eclipse.datatools.sqltools.common.ui - 1.1.0.201603142002
2017-11-28 15:56:48,927 - org.eclipse.datatools.sqltools.plan - 1.1.0.201603142002
2017-11-28 15:56:48,927 - org.eclipse.datatools.sqltools.editor.core - 1.1.0.201603142002
2017-11-28 15:56:48,927 - org.eclipse.datatools.sqltools.sqleditor - 1.1.0.201603142002
2017-11-28 15:56:48,927 - org.eclipse.datatools.sqltools.ddlgen.ui - 1.1.0.201603142002
2017-11-28 15:56:48,928 - org.eclipse.datatools.connectivity.db.generic - 1.1.0.201603142002
2017-11-28 15:56:48,928 - org.eclipse.datatools.sqltools.editor.core.ui - 1.1.0.201603142002
2017-11-28 15:56:48,928 - org.eclipse.datatools.sqltools.sql.ui - 1.1.0.201603142002
2017-11-28 15:56:48,930 - org.eclipse.emf.common.ui - 2.11.0.v20160526-0356
2017-11-28 15:56:48,933 - org.eclipse.mylyn.commons.repositories.core - 1.13.0.v20160630-1702
2017-11-28 15:56:48,933 - org.eclipse.mylyn.commons.repositories.ui - 1.13.0.v20160630-1702
2017-11-28 15:56:48,935 - org.eclipse.sequoyah.device.common.utilities - 2.1.0.N20120718-0509
2017-11-28 15:56:48,938 - org.eclipse.andmore.android.common - 0.5.0.201605181018
2017-11-28 15:56:48,939 - org.eclipse.andmore.android.codeutils - 0.5.0.201605181018
2017-11-28 15:56:48,939 - org.eclipse.andmore.android.translation - 0.5.0.201605181018
2017-11-28 15:56:48,940 - org.eclipse.andmore.android.codesnippets - 0.5.0.201605181018
2017-11-28 15:56:48,941 - org.eclipse.andmore.android.db.core - 0.5.0.201605181018
2017-11-28 15:56:48,941 - org.eclipse.andmore.android.logger - 0.5.0.201605181018
2017-11-28 15:56:48,942 - org.eclipse.andmore.android - 0.5.0.201605181018
2017-11-28 15:56:48,943 - org.eclipse.andmore.android.emulator - 0.5.0.201605181018
2017-11-28 15:56:48,943 - org.eclipse.andmore.android.launch - 0.5.0.201605181018
2017-11-28 15:56:48,944 - org.eclipse.andmore.android.packaging.ui - 0.5.0.201605181018
2017-11-28 15:56:48,944 - org.eclipse.andmore.android.handset - 0.5.0.201605181018
2017-11-28 15:56:48,945 - org.eclipse.andmore.android.remote - 0.5.0.201605181018
2017-11-28 15:56:48,945 - org.eclipse.andmore.android.linux.x86_64 - 0.5.0.201605181018
2017-11-28 15:56:48,945 - org.eclipse.andmore.android.mat - 0.5.0.201605181018
2017-11-28 15:56:48,946 - org.eclipse.andmore.android.devices.services - 0.5.0.201605181018
2017-11-28 15:56:48,946 - org.eclipse.andmore.android.db.devices - 0.5.0.201605181018
2017-11-28 15:56:48,947 - org.eclipse.andmore.android.installer - 0.5.0.201605181018
2017-11-28 15:56:48,947 - org.eclipse.andmore.android.logger.collector - 0.5.0.201605181018
2017-11-28 15:56:48,950 - org.eclipse.emf.mapping.ui - 2.7.0.v20160526-0356
2017-11-28 15:56:48,952 - org.eclipse.mylyn.monitor.core - 3.21.0.v20160630-1702
2017-11-28 15:56:48,952 - org.eclipse.mylyn.monitor.ui - 3.21.0.v20160630-1702
2017-11-28 15:56:48,955 - org.eclipse.datatools.connectivity.oda.template.ui - 3.3.0.201603142002
2017-11-28 15:56:48,957 - org.eclipse.sequoyah.vnc.vncviewer - 2.1.0.N20120718-0509
2017-11-28 15:56:48,959 - org.eclipse.emf.codegen.ecore.ui - 2.12.0.v20160526-0356
2017-11-28 15:56:48,961 - org.eclipse.emf.ecore.editor - 2.12.0.v20160526-0356
2017-11-28 15:56:48,963 - org.eclipse.epp.package.android - 4.6.2.20161208-0625
2017-11-28 15:56:48,965 - org.eclipse.mylyn.builds.core - 1.13.0.v20160704-1634
2017-11-28 15:56:48,965 - org.eclipse.mylyn.builds.ui - 1.13.0.v20160725-1817
2017-11-28 15:56:48,967 - org.eclipse.mylyn.context.core - 3.21.0.v20160701-1337
2017-11-28 15:56:48,968 - org.eclipse.mylyn.context.ui - 3.21.0.v20160701-1337
2017-11-28 15:56:48,969 - org.eclipse.mylyn.resources.ui - 3.21.0.v20160701-1337
2017-11-28 15:56:48,969 - org.eclipse.mylyn.context.tasks.ui - 3.21.0.v20160815-2336
2017-11-28 15:56:48,972 - org.eclipse.emf.databinding - 1.3.0.v20160526-0356
2017-11-28 15:56:48,974 - org.eclipse.datatools.connectivity.sqm.core.ui - 1.3.0.201603142002
2017-11-28 15:56:48,974 - org.eclipse.datatools.connectivity.sqm.core - 1.3.0.201603142002
2017-11-28 15:56:48,975 - org.eclipse.datatools.connectivity.sqm.server.ui - 1.2.0.201603142002
2017-11-28 15:56:48,975 - org.eclipse.datatools.connectivity.ui.dse - 1.2.0.201603142002
2017-11-28 15:56:48,975 - org.eclipse.datatools.connectivity.ui - 1.3.0.201603142002
2017-11-28 15:56:48,975 - org.eclipse.datatools.connectivity - 1.13.0.201603142002
2017-11-28 15:56:48,975 - org.eclipse.datatools.help - 1.6.0.201603142002
2017-11-28 15:56:48,976 - org.eclipse.datatools.connectivity.console.profile - 1.1.0.201603142002
2017-11-28 15:56:48,978 - org.eclipse.oomph.setup - 1.6.0.v20161125-0947
2017-11-28 15:56:48,979 - org.eclipse.oomph.setup.edit - 1.6.0.v20161125-0947
2017-11-28 15:56:48,979 - org.eclipse.oomph.setup.core - 1.6.0.v20161128-0928
2017-11-28 15:56:48,979 - org.eclipse.oomph.setup.sync - 1.6.0.v20161019-0656
2017-11-28 15:56:48,980 - org.eclipse.oomph.setup.p2 - 1.6.0.v20161019-0656
2017-11-28 15:56:48,980 - org.eclipse.oomph.setup.p2.edit - 1.6.0.v20161019-0656
2017-11-28 15:56:48,981 - org.eclipse.oomph.preferences - 1.6.0.v20161019-0656
2017-11-28 15:56:48,981 - org.eclipse.oomph.jreinfo - 1.6.0.v20161019-0656
2017-11-28 15:56:48,982 - org.eclipse.oomph.extractor.lib - 1.3.0.v20161116-0647
2017-11-28 15:56:48,982 - org.apache.commons.logging - 1.1.1.v201101211721
2017-11-28 15:56:48,982 - org.apache.commons.codec - 1.6.0.v201305230611
2017-11-28 15:56:48,982 - org.apache.httpcomponents.httpclient - 4.3.6.v201511171540
2017-11-28 15:56:48,982 - org.apache.httpcomponents.httpcore - 4.3.3.v201411290715
2017-11-28 15:56:48,983 - org.eclipse.userstorage - 1.0.0.v20160524-0709
2017-11-28 15:56:48,983 - org.eclipse.userstorage.ui - 1.0.0.v20151216-0912
